21:00:25.434 [main] DEBUG org.apache.poi.openxml4j.opc.ZipPackage - Save content types part
21:00:25.439 [main] DEBUG org.apache.poi.openxml4j.opc.ZipPackage - Save package relationships
21:00:25.439 [main] DEBUG org.apache.poi.openxml4j.opc.ZipPackage - Save part 'docProps/app.xml'
21:00:25.441 [main] DEBUG org.apache.poi.openxml4j.opc.ZipPackage - Save part 'docProps/core.xml'
21:00:25.441 [main] DEBUG org.apache.poi.openxml4j.opc.ZipPackage - Save part 'docProps/thumbnail.wmf'
21:00:25.443 [main] DEBUG org.apache.poi.openxml4j.opc.ZipPackage - Save part 'xl/sharedStrings.xml'
21:00:25.443 [main] DEBUG org.apache.poi.openxml4j.opc.ZipPackage - Save part 'xl/styles.xml'
21:00:25.445 [main] DEBUG org.apache.poi.openxml4j.opc.ZipPackage - Save part 'xl/theme/theme1.xml'
21:00:25.445 [main] DEBUG org.apache.poi.openxml4j.opc.ZipPackage - Save part 'xl/workbook.xml'
21:00:25.447 [main] DEBUG org.apache.poi.openxml4j.opc.ZipPackage - Save part 'xl/worksheets/sheet1.xml'
21:00:25.450 [main] DEBUG org.apache.poi.openxml4j.opc.ZipPackage - Save part 'xl/worksheets/sheet2.xml'
21:00:25.456 [main] DEBUG org.apache.poi.openxml4j.opc.PackageRelationshipCollection - Parsing relationship: /xl/_rels/workbook.xml.rels
21:00:25.458 [main] DEBUG org.apache.poi.openxml4j.opc.PackageRelationshipCollection - Parsing relationship: /xl/worksheets/_rels/sheet1.xml.rels
21:00:25.458 [main] DEBUG org.apache.poi.openxml4j.opc.PackageRelationshipCollection - Parsing relationship: /_rels/.rels
21:00:25.579 [main] INFO  testcases.TC003_LoginDDT - ***start the login testing***
21:00:26.057 [main] INFO  testcases.TC003_LoginDDT - ***Intiated Login***
21:00:28.361 [main] DEBUG org.apache.poi.openxml4j.opc.PackageRelationshipCollection - Parsing relationship: /xl/_rels/workbook.xml.rels
21:00:28.362 [main] DEBUG org.apache.poi.openxml4j.opc.PackageRelationshipCollection - Parsing relationship: /xl/worksheets/_rels/sheet1.xml.rels
21:00:28.365 [main] DEBUG org.apache.poi.openxml4j.opc.PackageRelationshipCollection - Parsing relationship: /_rels/.rels
21:00:28.389 [main] DEBUG org.apache.poi.openxml4j.opc.ZipPackage - Save content types part
21:00:28.391 [main] DEBUG org.apache.poi.openxml4j.opc.ZipPackage - Save package relationships
21:00:28.391 [main] DEBUG org.apache.poi.openxml4j.opc.ZipPackage - Save part 'docProps/app.xml'
21:00:28.391 [main] DEBUG org.apache.poi.openxml4j.opc.ZipPackage - Save part 'docProps/core.xml'
21:00:28.394 [main] DEBUG org.apache.poi.openxml4j.opc.ZipPackage - Save part 'docProps/thumbnail.wmf'
21:00:28.397 [main] DEBUG org.apache.poi.openxml4j.opc.ZipPackage - Save part 'xl/sharedStrings.xml'
21:00:28.399 [main] DEBUG org.apache.poi.openxml4j.opc.ZipPackage - Save part 'xl/styles.xml'
21:00:28.400 [main] DEBUG org.apache.poi.openxml4j.opc.ZipPackage - Save part 'xl/theme/theme1.xml'
21:00:28.400 [main] DEBUG org.apache.poi.openxml4j.opc.ZipPackage - Save part 'xl/workbook.xml'
21:00:28.402 [main] DEBUG org.apache.poi.openxml4j.opc.ZipPackage - Save part 'xl/worksheets/sheet1.xml'
21:00:28.402 [main] DEBUG org.apache.poi.openxml4j.opc.ZipPackage - Save part 'xl/worksheets/sheet2.xml'
21:00:28.407 [main] DEBUG org.apache.poi.openxml4j.opc.PackageRelationshipCollection - Parsing relationship: /xl/_rels/workbook.xml.rels
21:00:28.407 [main] DEBUG org.apache.poi.openxml4j.opc.PackageRelationshipCollection - Parsing relationship: /xl/worksheets/_rels/sheet1.xml.rels
21:00:28.407 [main] DEBUG org.apache.poi.openxml4j.opc.PackageRelationshipCollection - Parsing relationship: /_rels/.rels
21:00:28.440 [main] DEBUG org.apache.poi.openxml4j.opc.ZipPackage - Save content types part
21:00:28.441 [main] DEBUG org.apache.poi.openxml4j.opc.ZipPackage - Save package relationships
21:00:28.443 [main] DEBUG org.apache.poi.openxml4j.opc.ZipPackage - Save part 'docProps/app.xml'
21:00:28.443 [main] DEBUG org.apache.poi.openxml4j.opc.ZipPackage - Save part 'docProps/core.xml'
21:00:28.445 [main] DEBUG org.apache.poi.openxml4j.opc.ZipPackage - Save part 'docProps/thumbnail.wmf'
21:00:28.452 [main] DEBUG org.apache.poi.openxml4j.opc.ZipPackage - Save part 'xl/sharedStrings.xml'
21:00:28.452 [main] DEBUG org.apache.poi.openxml4j.opc.ZipPackage - Save part 'xl/styles.xml'
21:00:28.452 [main] DEBUG org.apache.poi.openxml4j.opc.ZipPackage - Save part 'xl/theme/theme1.xml'
21:00:28.452 [main] DEBUG org.apache.poi.openxml4j.opc.ZipPackage - Save part 'xl/workbook.xml'
21:00:28.455 [main] DEBUG org.apache.poi.openxml4j.opc.ZipPackage - Save part 'xl/worksheets/sheet1.xml'
21:00:28.455 [main] DEBUG org.apache.poi.openxml4j.opc.ZipPackage - Save part 'xl/worksheets/sheet2.xml'
22:19:59.739 [main] DEBUG org.testng.TestNG - suiteXmlPath: "C:\Users\user\project\opencartapp\testng.xml"
22:20:00.308 [main] INFO  org.testng.internal.Utils - [TestNG] Running:
  C:\Users\user\project\opencartapp\testng.xml

22:20:24.658 [main] DEBUG org.testng.TestNG - suiteXmlPath: "C:\Users\user\project\opencartapp\testng.xml"
