11:22:25.073 [main] DEBUG org.apache.poi.openxml4j.opc.PackageRelationshipCollection - Parsing relationship: /xl/worksheets/_rels/sheet1.xml.rels
11:22:25.077 [main] DEBUG org.apache.poi.openxml4j.opc.PackageRelationshipCollection - Parsing relationship: /_rels/.rels
11:22:25.099 [main] DEBUG org.apache.poi.openxml4j.opc.PackageRelationshipCollection - Parsing relationship: /xl/_rels/workbook.xml.rels
11:22:25.101 [main] DEBUG org.apache.poi.openxml4j.opc.PackageRelationshipCollection - Parsing relationship: /xl/worksheets/_rels/sheet1.xml.rels
11:22:25.102 [main] DEBUG org.apache.poi.openxml4j.opc.PackageRelationshipCollection - Parsing relationship: /_rels/.rels
11:22:25.137 [main] INFO  testcases.TC003_LoginDDT - ***start the login testing***
11:22:25.608 [main] INFO  testcases.TC003_LoginDDT - ***Intiated Login***
11:22:37.167 [main] INFO  testcases.TC003_LoginDDT - ***start the login testing***
11:22:37.550 [main] INFO  testcases.TC003_LoginDDT - ***Intiated Login***
11:22:48.870 [main] INFO  testcases.TC003_LoginDDT - ***start the login testing***
11:22:49.260 [main] INFO  testcases.TC003_LoginDDT - ***Intiated Login***
11:23:00.338 [main] INFO  testcases.TC003_LoginDDT - ***start the login testing***
11:23:00.708 [main] INFO  testcases.TC003_LoginDDT - ***Intiated Login***
22:04:58.469 [main] DEBUG org.testng.TestNG - suiteXmlPath: "C:\Users\user\project\opencartapp\search.xml"
22:05:04.292 [main] DEBUG org.testng.TestNG - suiteXmlPath: "C:\Users\user\project\opencartapp\search.xml"
22:05:12.843 [main] DEBUG org.testng.TestNG - suiteXmlPath: "C:\Users\user\project\opencartapp\search.xml"
22:09:03.227 [main] DEBUG org.testng.TestNG - suiteXmlPath: "C:\Users\user\project\opencartapp\search.xml"
22:11:27.720 [main] DEBUG org.testng.TestNG - suiteXmlPath: "C:\Users\user\project\opencartapp\search.xml"
22:12:12.672 [main] DEBUG org.testng.TestNG - suiteXmlPath: "C:\Users\user\project\opencartapp\search.xml"
22:12:13.084 [main] INFO  org.testng.internal.Utils - [TestNG] Running:
  C:\Users\user\project\opencartapp\search.xml

22:14:18.188 [main] DEBUG org.testng.TestNG - suiteXmlPath: "C:\Users\user\project\opencartapp\search.xml"
22:14:18.483 [main] INFO  org.testng.internal.Utils - [TestNG] Running:
  C:\Users\user\project\opencartapp\search.xml

22:14:49.928 [main] DEBUG org.testng.TestNG - suiteXmlPath: "C:\Users\user\project\opencartapp\search.xml"
22:14:50.174 [main] INFO  org.testng.internal.Utils - [TestNG] Running:
  C:\Users\user\project\opencartapp\search.xml

22:16:54.660 [main] DEBUG org.testng.TestNG - suiteXmlPath: "C:\Users\user\project\opencartapp\search.xml"
22:16:54.969 [main] INFO  org.testng.internal.Utils - [TestNG] Running:
  C:\Users\user\project\opencartapp\search.xml

22:20:39.025 [main] DEBUG org.testng.TestNG - suiteXmlPath: "C:\Users\user\project\opencartapp\search.xml"
22:20:39.442 [main] INFO  org.testng.internal.Utils - [TestNG] Running:
  C:\Users\user\project\opencartapp\search.xml

22:24:27.419 [main] INFO  testcases.TC004_Search_content - ***Intiated Search***
22:34:02.646 [main] DEBUG org.testng.TestNG - suiteXmlPath: "C:\Users\user\project\opencartapp\search.xml"
22:34:03.086 [main] INFO  org.testng.internal.Utils - [TestNG] Running:
  C:\Users\user\project\opencartapp\search.xml

22:34:08.591 [main] INFO  testcases.TC004_Search_content - ***Intiated Search***
22:36:53.976 [main] DEBUG org.testng.TestNG - suiteXmlPath: "C:\Users\user\project\opencartapp\search.xml"
22:36:54.448 [main] INFO  org.testng.internal.Utils - [TestNG] Running:
  C:\Users\user\project\opencartapp\search.xml

22:36:58.828 [main] INFO  testcases.TC004_Search_content - ***Intiated Search***
22:38:44.327 [main] DEBUG org.testng.TestNG - suiteXmlPath: "C:\Users\user\project\opencartapp\search.xml"
22:38:44.721 [main] INFO  org.testng.internal.Utils - [TestNG] Running:
  C:\Users\user\project\opencartapp\search.xml

22:38:49.096 [main] INFO  testcases.TC004_Search_content - ***Intiated Search***
22:44:26.936 [main] DEBUG org.testng.TestNG - suiteXmlPath: "C:\Users\user\project\opencartapp\search.xml"
22:44:27.352 [main] INFO  org.testng.internal.Utils - [TestNG] Running:
  C:\Users\user\project\opencartapp\search.xml

22:44:31.823 [main] INFO  testcases.TC004_Search_content - ***Intiated Search***
22:47:07.710 [main] DEBUG org.testng.TestNG - suiteXmlPath: "C:\Users\user\project\opencartapp\search.xml"
22:47:08.368 [main] INFO  org.testng.internal.Utils - [TestNG] Running:
  C:\Users\user\project\opencartapp\search.xml

22:47:14.071 [main] INFO  testcases.TC004_Search_content - ***Intiated Search***
22:49:01.609 [main] DEBUG org.testng.TestNG - suiteXmlPath: "C:\Users\user\project\opencartapp\search.xml"
22:49:01.995 [main] INFO  org.testng.internal.Utils - [TestNG] Running:
  C:\Users\user\project\opencartapp\search.xml

22:49:06.158 [main] INFO  testcases.TC004_Search_content - ***Intiated Search***
22:54:00.512 [main] DEBUG org.testng.TestNG - suiteXmlPath: "C:\Users\user\project\opencartapp\search.xml"
